\BOOKMARK [0][-]{chapter*.8}{Introduction}{}% 1
\BOOKMARK [0][-]{chapter.1}{Related\040works}{}% 2
\BOOKMARK [1][-]{section.1.1}{\040Analysis\040of\040graph\040of\040blockchain\040transactions}{chapter.1}% 3
\BOOKMARK [1][-]{section.1.2}{\040Behaviour\040of\040drug\040markets\040users\040and\040operators}{chapter.1}% 4
\BOOKMARK [0][-]{chapter.2}{Technology}{}% 5
\BOOKMARK [1][-]{section.2.1}{\040Blockchain}{chapter.2}% 6
\BOOKMARK [1][-]{section.2.2}{\040TOR}{chapter.2}% 7
\BOOKMARK [1][-]{section.2.3}{\040Webscraping}{chapter.2}% 8
\BOOKMARK [0][-]{chapter.3}{Methods\040and\040tools\040to\040get\040and\040analyze\040data}{}% 9
\BOOKMARK [1][-]{section.3.1}{\040Obtaining\040blockchain\040data}{chapter.3}% 10
\BOOKMARK [1][-]{section.3.2}{\040Drug\040markets\040web\040scraping\040and\040data\040collection}{chapter.3}% 11
\BOOKMARK [1][-]{section.3.3}{\040Drug\040market\040server\040fingerprinting}{chapter.3}% 12
\BOOKMARK [1][-]{section.3.4}{\040Publicly\040available\040data\040scraping}{chapter.3}% 13
\BOOKMARK [1][-]{section.3.5}{\040Data\040storage\040and\040analyzing\040tools}{chapter.3}% 14
\BOOKMARK [0][-]{chapter.4}{Data\040Analysis}{}% 15
\BOOKMARK [1][-]{section.4.1}{\040Detecting\040wallets\040owned\040by\040drug\040markets}{chapter.4}% 16
\BOOKMARK [1][-]{section.4.2}{\040Wallets\040behaviour\040during\040forks}{chapter.4}% 17
\BOOKMARK [1][-]{section.4.3}{\040Using\040own\040transactions\040to\040get\040market\040wallets}{chapter.4}% 18
\BOOKMARK [0][-]{chapter.5}{POC\040application}{}% 19
\BOOKMARK [1][-]{section.5.1}{\040Implementation}{chapter.5}% 20
\BOOKMARK [1][-]{section.5.2}{\040Usage}{chapter.5}% 21
\BOOKMARK [0][-]{chapter.6}{Testing\040and\040verification\040of\040the\040created\040tool}{}% 22
\BOOKMARK [1][-]{section.6.1}{\040Method\040of\040testing}{chapter.6}% 23
\BOOKMARK [1][-]{section.6.2}{\040results}{chapter.6}% 24
\BOOKMARK [0][-]{chapter.7}{Floats\040and\040references}{}% 25
\BOOKMARK [0][-]{chapter.8}{Mathematical\040equations}{}% 26
\BOOKMARK [0][-]{chapter.9}{We\040have\040several\040fonts\040at\040disposal}{}% 27
\BOOKMARK [0][-]{chapter.10}{Inserting\040the\040bibliography}{}% 28
\BOOKMARK [0][-]{chapter.11}{Inserting\040the\040index}{}% 29
\BOOKMARK [0][-]{section*.15}{Index}{}% 30
\BOOKMARK [0][-]{appendix.A}{An\040appendix}{}% 31
